The system is: FreeBSD - 10.0-CURRENT - amd64
Compiling the C compiler identification source file "CMakeCCompilerId.c" succeeded.
Compiler: /usr/bin/cc 
Build flags: 
Id flags: 

The output was:
0


Compilation of the C compiler identification source "CMakeCCompilerId.c" produced "a.out"

The C compiler identification is Clang, found in "/home/da3m0n8t3r/software/box2d/Box2D_v2.2.1/CMakeFiles/2.8.10.2/CompilerIdC/a.out"

Compiling the CXX compiler identification source file "CMakeCXXCompilerId.cpp" succeeded.
Compiler: /usr/bin/CC 
Build flags: 
Id flags: 

The output was:
0


Compilation of the CXX compiler identification source "CMakeCXXCompilerId.cpp" produced "a.out"

The CXX compiler identification is Clang, found in "/home/da3m0n8t3r/software/box2d/Box2D_v2.2.1/CMakeFiles/2.8.10.2/CompilerIdCXX/a.out"

Determining if the C compiler works passed with the following output:
Change Dir: /home/da3m0n8t3r/software/box2d/Box2D_v2.2.1/CMakeFiles/CMakeTmp

Run Build Command:/usr/local/bin/gmake "cmTryCompileExec829280234/fast"
/usr/local/bin/gmake -f CMakeFiles/cmTryCompileExec829280234.dir/build.make CMakeFiles/cmTryCompileExec829280234.dir/build
gmake[1]: Entering directory `/usr/home/da3m0n8t3r/software/box2d/Box2D_v2.2.1/CMakeFiles/CMakeTmp'
/usr/local/bin/cmake -E cmake_progress_report /home/da3m0n8t3r/software/box2d/Box2D_v2.2.1/CMakeFiles/CMakeTmp/CMakeFiles 1
Building C object CMakeFiles/cmTryCompileExec829280234.dir/testCCompiler.c.o
/usr/bin/cc    -o CMakeFiles/cmTryCompileExec829280234.dir/testCCompiler.c.o   -c /home/da3m0n8t3r/software/box2d/Box2D_v2.2.1/CMakeFiles/CMakeTmp/testCCompiler.c
Linking C executable cmTryCompileExec829280234
/usr/local/bin/cmake -E cmake_link_script CMakeFiles/cmTryCompileExec829280234.dir/link.txt --verbose=1
/usr/bin/cc         CMakeFiles/cmTryCompileExec829280234.dir/testCCompiler.c.o  -o cmTryCompileExec829280234  
gmake[1]: Leaving directory `/usr/home/da3m0n8t3r/software/box2d/Box2D_v2.2.1/CMakeFiles/CMakeTmp'


Detecting C compiler ABI info compiled with the following output:
Change Dir: /home/da3m0n8t3r/software/box2d/Box2D_v2.2.1/CMakeFiles/CMakeTmp

Run Build Command:/usr/local/bin/gmake "cmTryCompileExec1430541596/fast"
/usr/local/bin/gmake -f CMakeFiles/cmTryCompileExec1430541596.dir/build.make CMakeFiles/cmTryCompileExec1430541596.dir/build
gmake[1]: Entering directory `/usr/home/da3m0n8t3r/software/box2d/Box2D_v2.2.1/CMakeFiles/CMakeTmp'
/usr/local/bin/cmake -E cmake_progress_report /home/da3m0n8t3r/software/box2d/Box2D_v2.2.1/CMakeFiles/CMakeTmp/CMakeFiles 1
Building C object CMakeFiles/cmTryCompileExec1430541596.dir/CMakeCCompilerABI.c.o
/usr/bin/cc    -o CMakeFiles/cmTryCompileExec1430541596.dir/CMakeCCompilerABI.c.o   -c /usr/local/share/cmake/Modules/CMakeCCompilerABI.c
Linking C executable cmTryCompileExec1430541596
/usr/local/bin/cmake -E cmake_link_script CMakeFiles/cmTryCompileExec1430541596.dir/link.txt --verbose=1
/usr/bin/cc       -v CMakeFiles/cmTryCompileExec1430541596.dir/CMakeCCompilerABI.c.o  -o cmTryCompileExec1430541596   
FreeBSD clang version 3.3 (trunk 178860) 20130405
Target: x86_64-unknown-freebsd10.0
Thread model: posix
 "/usr/bin/ld" --eh-frame-hdr -dynamic-linker /libexec/ld-elf.so.1 --hash-style=both --enable-new-dtags -o cmTryCompileExec1430541596 /usr/lib/crt1.o /usr/lib/crti.o /usr/lib/crtbegin.o -L/usr/lib CMakeFiles/cmTryCompileExec1430541596.dir/CMakeCCompilerABI.c.o -lgcc --as-needed -lgcc_s --no-as-needed -lc -lgcc --as-needed -lgcc_s --no-as-needed /usr/lib/crtend.o /usr/lib/crtn.o
gmake[1]: Leaving directory `/usr/home/da3m0n8t3r/software/box2d/Box2D_v2.2.1/CMakeFiles/CMakeTmp'


Parsed C implicit link information from above output:
  link line regex: [^( *|.*[/\])(ld|ld|collect2)[^/\]*( |$)]
  ignore line: [Change Dir: /home/da3m0n8t3r/software/box2d/Box2D_v2.2.1/CMakeFiles/CMakeTmp]
  ignore line: []
  ignore line: [Run Build Command:/usr/local/bin/gmake "cmTryCompileExec1430541596/fast"]
  ignore line: [/usr/local/bin/gmake -f CMakeFiles/cmTryCompileExec1430541596.dir/build.make CMakeFiles/cmTryCompileExec1430541596.dir/build]
  ignore line: [gmake[1]: Entering directory `/usr/home/da3m0n8t3r/software/box2d/Box2D_v2.2.1/CMakeFiles/CMakeTmp']
  ignore line: [/usr/local/bin/cmake -E cmake_progress_report /home/da3m0n8t3r/software/box2d/Box2D_v2.2.1/CMakeFiles/CMakeTmp/CMakeFiles 1]
  ignore line: [Building C object CMakeFiles/cmTryCompileExec1430541596.dir/CMakeCCompilerABI.c.o]
  ignore line: [/usr/bin/cc    -o CMakeFiles/cmTryCompileExec1430541596.dir/CMakeCCompilerABI.c.o   -c /usr/local/share/cmake/Modules/CMakeCCompilerABI.c]
  ignore line: [Linking C executable cmTryCompileExec1430541596]
  ignore line: [/usr/local/bin/cmake -E cmake_link_script CMakeFiles/cmTryCompileExec1430541596.dir/link.txt --verbose=1]
  ignore line: [/usr/bin/cc       -v CMakeFiles/cmTryCompileExec1430541596.dir/CMakeCCompilerABI.c.o  -o cmTryCompileExec1430541596   ]
  ignore line: [FreeBSD clang version 3.3 (trunk 178860) 20130405]
  ignore line: [Target: x86_64-unknown-freebsd10.0]
  ignore line: [Thread model: posix]
  link line: [ "/usr/bin/ld" --eh-frame-hdr -dynamic-linker /libexec/ld-elf.so.1 --hash-style=both --enable-new-dtags -o cmTryCompileExec1430541596 /usr/lib/crt1.o /usr/lib/crti.o /usr/lib/crtbegin.o -L/usr/lib CMakeFiles/cmTryCompileExec1430541596.dir/CMakeCCompilerABI.c.o -lgcc --as-needed -lgcc_s --no-as-needed -lc -lgcc --as-needed -lgcc_s --no-as-needed /usr/lib/crtend.o /usr/lib/crtn.o]
    arg [/usr/bin/ld] ==> ignore
    arg [--eh-frame-hdr] ==> ignore
    arg [-dynamic-linker] ==> ignore
    arg [/libexec/ld-elf.so.1] ==> ignore
    arg [--hash-style=both] ==> ignore
    arg [--enable-new-dtags] ==> ignore
    arg [-o] ==> ignore
    arg [cmTryCompileExec1430541596] ==> ignore
    arg [/usr/lib/crt1.o] ==> ignore
    arg [/usr/lib/crti.o] ==> ignore
    arg [/usr/lib/crtbegin.o] ==> ignore
    arg [-L/usr/lib] ==> dir [/usr/lib]
    arg [CMakeFiles/cmTryCompileExec1430541596.dir/CMakeCCompilerABI.c.o] ==> ignore
    arg [-lgcc] ==> lib [gcc]
    arg [--as-needed] ==> ignore
    arg [-lgcc_s] ==> lib [gcc_s]
    arg [--no-as-needed] ==> ignore
    arg [-lc] ==> lib [c]
    arg [-lgcc] ==> lib [gcc]
    arg [--as-needed] ==> ignore
    arg [-lgcc_s] ==> lib [gcc_s]
    arg [--no-as-needed] ==> ignore
    arg [/usr/lib/crtend.o] ==> ignore
    arg [/usr/lib/crtn.o] ==> ignore
  remove lib [gcc]
  remove lib [gcc_s]
  remove lib [gcc]
  remove lib [gcc_s]
  collapse dir [/usr/lib] ==> [/usr/lib]
  implicit libs: [c]
  implicit dirs: [/usr/lib]


Determining if the CXX compiler works passed with the following output:
Change Dir: /home/da3m0n8t3r/software/box2d/Box2D_v2.2.1/CMakeFiles/CMakeTmp

Run Build Command:/usr/local/bin/gmake "cmTryCompileExec174111116/fast"
/usr/local/bin/gmake -f CMakeFiles/cmTryCompileExec174111116.dir/build.make CMakeFiles/cmTryCompileExec174111116.dir/build
gmake[1]: Entering directory `/usr/home/da3m0n8t3r/software/box2d/Box2D_v2.2.1/CMakeFiles/CMakeTmp'
/usr/local/bin/cmake -E cmake_progress_report /home/da3m0n8t3r/software/box2d/Box2D_v2.2.1/CMakeFiles/CMakeTmp/CMakeFiles 1
Building CXX object CMakeFiles/cmTryCompileExec174111116.dir/testCXXCompiler.cxx.o
/usr/bin/CC     -o CMakeFiles/cmTryCompileExec174111116.dir/testCXXCompiler.cxx.o -c /home/da3m0n8t3r/software/box2d/Box2D_v2.2.1/CMakeFiles/CMakeTmp/testCXXCompiler.cxx
Linking CXX executable cmTryCompileExec174111116
/usr/local/bin/cmake -E cmake_link_script CMakeFiles/cmTryCompileExec174111116.dir/link.txt --verbose=1
/usr/bin/CC          CMakeFiles/cmTryCompileExec174111116.dir/testCXXCompiler.cxx.o  -o cmTryCompileExec174111116  
gmake[1]: Leaving directory `/usr/home/da3m0n8t3r/software/box2d/Box2D_v2.2.1/CMakeFiles/CMakeTmp'


Detecting CXX compiler ABI info compiled with the following output:
Change Dir: /home/da3m0n8t3r/software/box2d/Box2D_v2.2.1/CMakeFiles/CMakeTmp

Run Build Command:/usr/local/bin/gmake "cmTryCompileExec1447114151/fast"
/usr/local/bin/gmake -f CMakeFiles/cmTryCompileExec1447114151.dir/build.make CMakeFiles/cmTryCompileExec1447114151.dir/build
gmake[1]: Entering directory `/usr/home/da3m0n8t3r/software/box2d/Box2D_v2.2.1/CMakeFiles/CMakeTmp'
/usr/local/bin/cmake -E cmake_progress_report /home/da3m0n8t3r/software/box2d/Box2D_v2.2.1/CMakeFiles/CMakeTmp/CMakeFiles 1
Building CXX object CMakeFiles/cmTryCompileExec1447114151.dir/CMakeCXXCompilerABI.cpp.o
/usr/bin/CC     -o CMakeFiles/cmTryCompileExec1447114151.dir/CMakeCXXCompilerABI.cpp.o -c /usr/local/share/cmake/Modules/CMakeCXXCompilerABI.cpp
Linking CXX executable cmTryCompileExec1447114151
/usr/local/bin/cmake -E cmake_link_script CMakeFiles/cmTryCompileExec1447114151.dir/link.txt --verbose=1
/usr/bin/CC        -v CMakeFiles/cmTryCompileExec1447114151.dir/CMakeCXXCompilerABI.cpp.o  -o cmTryCompileExec1447114151   
FreeBSD clang version 3.3 (trunk 178860) 20130405
Target: x86_64-unknown-freebsd10.0
Thread model: posix
 "/usr/bin/ld" --eh-frame-hdr -dynamic-linker /libexec/ld-elf.so.1 --hash-style=both --enable-new-dtags -o cmTryCompileExec1447114151 /usr/lib/crt1.o /usr/lib/crti.o /usr/lib/crtbegin.o -L/usr/lib CMakeFiles/cmTryCompileExec1447114151.dir/CMakeCXXCompilerABI.cpp.o -lgcc --as-needed -lgcc_s --no-as-needed -lc -lgcc --as-needed -lgcc_s --no-as-needed /usr/lib/crtend.o /usr/lib/crtn.o
gmake[1]: Leaving directory `/usr/home/da3m0n8t3r/software/box2d/Box2D_v2.2.1/CMakeFiles/CMakeTmp'


Parsed CXX implicit link information from above output:
  link line regex: [^( *|.*[/\])(ld|ld|collect2)[^/\]*( |$)]
  ignore line: [Change Dir: /home/da3m0n8t3r/software/box2d/Box2D_v2.2.1/CMakeFiles/CMakeTmp]
  ignore line: []
  ignore line: [Run Build Command:/usr/local/bin/gmake "cmTryCompileExec1447114151/fast"]
  ignore line: [/usr/local/bin/gmake -f CMakeFiles/cmTryCompileExec1447114151.dir/build.make CMakeFiles/cmTryCompileExec1447114151.dir/build]
  ignore line: [gmake[1]: Entering directory `/usr/home/da3m0n8t3r/software/box2d/Box2D_v2.2.1/CMakeFiles/CMakeTmp']
  ignore line: [/usr/local/bin/cmake -E cmake_progress_report /home/da3m0n8t3r/software/box2d/Box2D_v2.2.1/CMakeFiles/CMakeTmp/CMakeFiles 1]
  ignore line: [Building CXX object CMakeFiles/cmTryCompileExec1447114151.dir/CMakeCXXCompilerABI.cpp.o]
  ignore line: [/usr/bin/CC     -o CMakeFiles/cmTryCompileExec1447114151.dir/CMakeCXXCompilerABI.cpp.o -c /usr/local/share/cmake/Modules/CMakeCXXCompilerABI.cpp]
  ignore line: [Linking CXX executable cmTryCompileExec1447114151]
  ignore line: [/usr/local/bin/cmake -E cmake_link_script CMakeFiles/cmTryCompileExec1447114151.dir/link.txt --verbose=1]
  ignore line: [/usr/bin/CC        -v CMakeFiles/cmTryCompileExec1447114151.dir/CMakeCXXCompilerABI.cpp.o  -o cmTryCompileExec1447114151   ]
  ignore line: [FreeBSD clang version 3.3 (trunk 178860) 20130405]
  ignore line: [Target: x86_64-unknown-freebsd10.0]
  ignore line: [Thread model: posix]
  link line: [ "/usr/bin/ld" --eh-frame-hdr -dynamic-linker /libexec/ld-elf.so.1 --hash-style=both --enable-new-dtags -o cmTryCompileExec1447114151 /usr/lib/crt1.o /usr/lib/crti.o /usr/lib/crtbegin.o -L/usr/lib CMakeFiles/cmTryCompileExec1447114151.dir/CMakeCXXCompilerABI.cpp.o -lgcc --as-needed -lgcc_s --no-as-needed -lc -lgcc --as-needed -lgcc_s --no-as-needed /usr/lib/crtend.o /usr/lib/crtn.o]
    arg [/usr/bin/ld] ==> ignore
    arg [--eh-frame-hdr] ==> ignore
    arg [-dynamic-linker] ==> ignore
    arg [/libexec/ld-elf.so.1] ==> ignore
    arg [--hash-style=both] ==> ignore
    arg [--enable-new-dtags] ==> ignore
    arg [-o] ==> ignore
    arg [cmTryCompileExec1447114151] ==> ignore
    arg [/usr/lib/crt1.o] ==> ignore
    arg [/usr/lib/crti.o] ==> ignore
    arg [/usr/lib/crtbegin.o] ==> ignore
    arg [-L/usr/lib] ==> dir [/usr/lib]
    arg [CMakeFiles/cmTryCompileExec1447114151.dir/CMakeCXXCompilerABI.cpp.o] ==> ignore
    arg [-lgcc] ==> lib [gcc]
    arg [--as-needed] ==> ignore
    arg [-lgcc_s] ==> lib [gcc_s]
    arg [--no-as-needed] ==> ignore
    arg [-lc] ==> lib [c]
    arg [-lgcc] ==> lib [gcc]
    arg [--as-needed] ==> ignore
    arg [-lgcc_s] ==> lib [gcc_s]
    arg [--no-as-needed] ==> ignore
    arg [/usr/lib/crtend.o] ==> ignore
    arg [/usr/lib/crtn.o] ==> ignore
  remove lib [gcc]
  remove lib [gcc_s]
  remove lib [gcc]
  remove lib [gcc_s]
  collapse dir [/usr/lib] ==> [/usr/lib]
  implicit libs: [c]
  implicit dirs: [/usr/lib]


Determining if the function XOpenDisplay exists in the /usr/local/lib/libX11.so;/usr/local/lib/libXext.so passed with the following output:
Change Dir: /home/da3m0n8t3r/software/box2d/Box2D_v2.2.1/CMakeFiles/CMakeTmp

Run Build Command:/usr/local/bin/gmake "cmTryCompileExec2015111947/fast"
/usr/local/bin/gmake -f CMakeFiles/cmTryCompileExec2015111947.dir/build.make CMakeFiles/cmTryCompileExec2015111947.dir/build
gmake[1]: Entering directory `/usr/home/da3m0n8t3r/software/box2d/Box2D_v2.2.1/CMakeFiles/CMakeTmp'
/usr/local/bin/cmake -E cmake_progress_report /home/da3m0n8t3r/software/box2d/Box2D_v2.2.1/CMakeFiles/CMakeTmp/CMakeFiles 1
Building C object CMakeFiles/cmTryCompileExec2015111947.dir/CheckFunctionExists.c.o
/usr/bin/cc   -DCHECK_FUNCTION_EXISTS=XOpenDisplay   -o CMakeFiles/cmTryCompileExec2015111947.dir/CheckFunctionExists.c.o   -c /usr/local/share/cmake/Modules/CheckFunctionExists.c
Linking C executable cmTryCompileExec2015111947
/usr/local/bin/cmake -E cmake_link_script CMakeFiles/cmTryCompileExec2015111947.dir/link.txt --verbose=1
/usr/bin/cc     -DCHECK_FUNCTION_EXISTS=XOpenDisplay    CMakeFiles/cmTryCompileExec2015111947.dir/CheckFunctionExists.c.o  -o cmTryCompileExec2015111947  -L/usr/local/lib  /usr/local/lib/libX11.so /usr/local/lib/libXext.so -Wl,-rpath,/usr/local/lib 
gmake[1]: Leaving directory `/usr/home/da3m0n8t3r/software/box2d/Box2D_v2.2.1/CMakeFiles/CMakeTmp'


Determining if the function gethostbyname exists passed with the following output:
Change Dir: /home/da3m0n8t3r/software/box2d/Box2D_v2.2.1/CMakeFiles/CMakeTmp

Run Build Command:/usr/local/bin/gmake "cmTryCompileExec869881026/fast"
/usr/local/bin/gmake -f CMakeFiles/cmTryCompileExec869881026.dir/build.make CMakeFiles/cmTryCompileExec869881026.dir/build
gmake[1]: Entering directory `/usr/home/da3m0n8t3r/software/box2d/Box2D_v2.2.1/CMakeFiles/CMakeTmp'
/usr/local/bin/cmake -E cmake_progress_report /home/da3m0n8t3r/software/box2d/Box2D_v2.2.1/CMakeFiles/CMakeTmp/CMakeFiles 1
Building C object CMakeFiles/cmTryCompileExec869881026.dir/CheckFunctionExists.c.o
/usr/bin/cc   -DCHECK_FUNCTION_EXISTS=gethostbyname   -o CMakeFiles/cmTryCompileExec869881026.dir/CheckFunctionExists.c.o   -c /usr/local/share/cmake/Modules/CheckFunctionExists.c
Linking C executable cmTryCompileExec869881026
/usr/local/bin/cmake -E cmake_link_script CMakeFiles/cmTryCompileExec869881026.dir/link.txt --verbose=1
/usr/bin/cc     -DCHECK_FUNCTION_EXISTS=gethostbyname    CMakeFiles/cmTryCompileExec869881026.dir/CheckFunctionExists.c.o  -o cmTryCompileExec869881026  
gmake[1]: Leaving directory `/usr/home/da3m0n8t3r/software/box2d/Box2D_v2.2.1/CMakeFiles/CMakeTmp'


Determining if the function connect exists passed with the following output:
Change Dir: /home/da3m0n8t3r/software/box2d/Box2D_v2.2.1/CMakeFiles/CMakeTmp

Run Build Command:/usr/local/bin/gmake "cmTryCompileExec1871134007/fast"
/usr/local/bin/gmake -f CMakeFiles/cmTryCompileExec1871134007.dir/build.make CMakeFiles/cmTryCompileExec1871134007.dir/build
gmake[1]: Entering directory `/usr/home/da3m0n8t3r/software/box2d/Box2D_v2.2.1/CMakeFiles/CMakeTmp'
/usr/local/bin/cmake -E cmake_progress_report /home/da3m0n8t3r/software/box2d/Box2D_v2.2.1/CMakeFiles/CMakeTmp/CMakeFiles 1
Building C object CMakeFiles/cmTryCompileExec1871134007.dir/CheckFunctionExists.c.o
/usr/bin/cc   -DCHECK_FUNCTION_EXISTS=connect   -o CMakeFiles/cmTryCompileExec1871134007.dir/CheckFunctionExists.c.o   -c /usr/local/share/cmake/Modules/CheckFunctionExists.c
Linking C executable cmTryCompileExec1871134007
/usr/local/bin/cmake -E cmake_link_script CMakeFiles/cmTryCompileExec1871134007.dir/link.txt --verbose=1
/usr/bin/cc     -DCHECK_FUNCTION_EXISTS=connect    CMakeFiles/cmTryCompileExec1871134007.dir/CheckFunctionExists.c.o  -o cmTryCompileExec1871134007  
gmake[1]: Leaving directory `/usr/home/da3m0n8t3r/software/box2d/Box2D_v2.2.1/CMakeFiles/CMakeTmp'


Determining if the function remove exists passed with the following output:
Change Dir: /home/da3m0n8t3r/software/box2d/Box2D_v2.2.1/CMakeFiles/CMakeTmp

Run Build Command:/usr/local/bin/gmake "cmTryCompileExec124333068/fast"
/usr/local/bin/gmake -f CMakeFiles/cmTryCompileExec124333068.dir/build.make CMakeFiles/cmTryCompileExec124333068.dir/build
gmake[1]: Entering directory `/usr/home/da3m0n8t3r/software/box2d/Box2D_v2.2.1/CMakeFiles/CMakeTmp'
/usr/local/bin/cmake -E cmake_progress_report /home/da3m0n8t3r/software/box2d/Box2D_v2.2.1/CMakeFiles/CMakeTmp/CMakeFiles 1
Building C object CMakeFiles/cmTryCompileExec124333068.dir/CheckFunctionExists.c.o
/usr/bin/cc   -DCHECK_FUNCTION_EXISTS=remove   -o CMakeFiles/cmTryCompileExec124333068.dir/CheckFunctionExists.c.o   -c /usr/local/share/cmake/Modules/CheckFunctionExists.c
Linking C executable cmTryCompileExec124333068
/usr/local/bin/cmake -E cmake_link_script CMakeFiles/cmTryCompileExec124333068.dir/link.txt --verbose=1
/usr/bin/cc     -DCHECK_FUNCTION_EXISTS=remove    CMakeFiles/cmTryCompileExec124333068.dir/CheckFunctionExists.c.o  -o cmTryCompileExec124333068  
gmake[1]: Leaving directory `/usr/home/da3m0n8t3r/software/box2d/Box2D_v2.2.1/CMakeFiles/CMakeTmp'


Determining if the function shmat exists passed with the following output:
Change Dir: /home/da3m0n8t3r/software/box2d/Box2D_v2.2.1/CMakeFiles/CMakeTmp

Run Build Command:/usr/local/bin/gmake "cmTryCompileExec1806191691/fast"
/usr/local/bin/gmake -f CMakeFiles/cmTryCompileExec1806191691.dir/build.make CMakeFiles/cmTryCompileExec1806191691.dir/build
gmake[1]: Entering directory `/usr/home/da3m0n8t3r/software/box2d/Box2D_v2.2.1/CMakeFiles/CMakeTmp'
/usr/local/bin/cmake -E cmake_progress_report /home/da3m0n8t3r/software/box2d/Box2D_v2.2.1/CMakeFiles/CMakeTmp/CMakeFiles 1
Building C object CMakeFiles/cmTryCompileExec1806191691.dir/CheckFunctionExists.c.o
/usr/bin/cc   -DCHECK_FUNCTION_EXISTS=shmat   -o CMakeFiles/cmTryCompileExec1806191691.dir/CheckFunctionExists.c.o   -c /usr/local/share/cmake/Modules/CheckFunctionExists.c
Linking C executable cmTryCompileExec1806191691
/usr/local/bin/cmake -E cmake_link_script CMakeFiles/cmTryCompileExec1806191691.dir/link.txt --verbose=1
/usr/bin/cc     -DCHECK_FUNCTION_EXISTS=shmat    CMakeFiles/cmTryCompileExec1806191691.dir/CheckFunctionExists.c.o  -o cmTryCompileExec1806191691  
gmake[1]: Leaving directory `/usr/home/da3m0n8t3r/software/box2d/Box2D_v2.2.1/CMakeFiles/CMakeTmp'


Determining if the function IceConnectionNumber exists in the ICE passed with the following output:
Change Dir: /home/da3m0n8t3r/software/box2d/Box2D_v2.2.1/CMakeFiles/CMakeTmp

Run Build Command:/usr/local/bin/gmake "cmTryCompileExec1680426343/fast"
/usr/local/bin/gmake -f CMakeFiles/cmTryCompileExec1680426343.dir/build.make CMakeFiles/cmTryCompileExec1680426343.dir/build
gmake[1]: Entering directory `/usr/home/da3m0n8t3r/software/box2d/Box2D_v2.2.1/CMakeFiles/CMakeTmp'
/usr/local/bin/cmake -E cmake_progress_report /home/da3m0n8t3r/software/box2d/Box2D_v2.2.1/CMakeFiles/CMakeTmp/CMakeFiles 1
Building C object CMakeFiles/cmTryCompileExec1680426343.dir/CheckFunctionExists.c.o
/usr/bin/cc   -DCHECK_FUNCTION_EXISTS=IceConnectionNumber   -o CMakeFiles/cmTryCompileExec1680426343.dir/CheckFunctionExists.c.o   -c /usr/local/share/cmake/Modules/CheckFunctionExists.c
Linking C executable cmTryCompileExec1680426343
/usr/local/bin/cmake -E cmake_link_script CMakeFiles/cmTryCompileExec1680426343.dir/link.txt --verbose=1
/usr/bin/cc     -DCHECK_FUNCTION_EXISTS=IceConnectionNumber    CMakeFiles/cmTryCompileExec1680426343.dir/CheckFunctionExists.c.o  -o cmTryCompileExec1680426343  -L/usr/local/lib  -lICE -Wl,-rpath,/usr/local/lib 
gmake[1]: Leaving directory `/usr/home/da3m0n8t3r/software/box2d/Box2D_v2.2.1/CMakeFiles/CMakeTmp'


