The system is: FreeBSD - 10.0-CURRENT - amd64
Compiling the C compiler identification source file "CMakeCCompilerId.c" succeeded.
Compiler: /usr/bin/cc 
Build flags: 
Id flags: 

The output was:
0


Compilation of the C compiler identification source "CMakeCCompilerId.c" produced "a.out"

The C compiler identification is Clang, found in "/home/da3m0n8t3r/software/box2d/Box2D_v2.2.1/HelloWorld/CMakeFiles/2.8.10.2/CompilerIdC/a.out"

Compiling the CXX compiler identification source file "CMakeCXXCompilerId.cpp" succeeded.
Compiler: /usr/bin/CC 
Build flags: 
Id flags: 

The output was:
0


Compilation of the CXX compiler identification source "CMakeCXXCompilerId.cpp" produced "a.out"

The CXX compiler identification is Clang, found in "/home/da3m0n8t3r/software/box2d/Box2D_v2.2.1/HelloWorld/CMakeFiles/2.8.10.2/CompilerIdCXX/a.out"

Determining if the C compiler works passed with the following output:
Change Dir: /home/da3m0n8t3r/software/box2d/Box2D_v2.2.1/HelloWorld/CMakeFiles/CMakeTmp

Run Build Command:/usr/local/bin/gmake "cmTryCompileExec1804618481/fast"
/usr/local/bin/gmake -f CMakeFiles/cmTryCompileExec1804618481.dir/build.make CMakeFiles/cmTryCompileExec1804618481.dir/build
gmake[1]: Entering directory `/usr/home/da3m0n8t3r/software/box2d/Box2D_v2.2.1/HelloWorld/CMakeFiles/CMakeTmp'
/usr/local/bin/cmake -E cmake_progress_report /home/da3m0n8t3r/software/box2d/Box2D_v2.2.1/HelloWorld/CMakeFiles/CMakeTmp/CMakeFiles 1
Building C object CMakeFiles/cmTryCompileExec1804618481.dir/testCCompiler.c.o
/usr/bin/cc    -o CMakeFiles/cmTryCompileExec1804618481.dir/testCCompiler.c.o   -c /home/da3m0n8t3r/software/box2d/Box2D_v2.2.1/HelloWorld/CMakeFiles/CMakeTmp/testCCompiler.c
Linking C executable cmTryCompileExec1804618481
/usr/local/bin/cmake -E cmake_link_script CMakeFiles/cmTryCompileExec1804618481.dir/link.txt --verbose=1
/usr/bin/cc         CMakeFiles/cmTryCompileExec1804618481.dir/testCCompiler.c.o  -o cmTryCompileExec1804618481  
gmake[1]: Leaving directory `/usr/home/da3m0n8t3r/software/box2d/Box2D_v2.2.1/HelloWorld/CMakeFiles/CMakeTmp'


Detecting C compiler ABI info compiled with the following output:
Change Dir: /home/da3m0n8t3r/software/box2d/Box2D_v2.2.1/HelloWorld/CMakeFiles/CMakeTmp

Run Build Command:/usr/local/bin/gmake "cmTryCompileExec3811987320/fast"
/usr/local/bin/gmake -f CMakeFiles/cmTryCompileExec3811987320.dir/build.make CMakeFiles/cmTryCompileExec3811987320.dir/build
gmake[1]: Entering directory `/usr/home/da3m0n8t3r/software/box2d/Box2D_v2.2.1/HelloWorld/CMakeFiles/CMakeTmp'
/usr/local/bin/cmake -E cmake_progress_report /home/da3m0n8t3r/software/box2d/Box2D_v2.2.1/HelloWorld/CMakeFiles/CMakeTmp/CMakeFiles 1
Building C object CMakeFiles/cmTryCompileExec3811987320.dir/CMakeCCompilerABI.c.o
/usr/bin/cc    -o CMakeFiles/cmTryCompileExec3811987320.dir/CMakeCCompilerABI.c.o   -c /usr/local/share/cmake/Modules/CMakeCCompilerABI.c
Linking C executable cmTryCompileExec3811987320
/usr/local/bin/cmake -E cmake_link_script CMakeFiles/cmTryCompileExec3811987320.dir/link.txt --verbose=1
/usr/bin/cc       -v CMakeFiles/cmTryCompileExec3811987320.dir/CMakeCCompilerABI.c.o  -o cmTryCompileExec3811987320   
FreeBSD clang version 3.3 (trunk 178860) 20130405
Target: x86_64-unknown-freebsd10.0
Thread model: posix
 "/usr/bin/ld" --eh-frame-hdr -dynamic-linker /libexec/ld-elf.so.1 --hash-style=both --enable-new-dtags -o cmTryCompileExec3811987320 /usr/lib/crt1.o /usr/lib/crti.o /usr/lib/crtbegin.o -L/usr/lib CMakeFiles/cmTryCompileExec3811987320.dir/CMakeCCompilerABI.c.o -lgcc --as-needed -lgcc_s --no-as-needed -lc -lgcc --as-needed -lgcc_s --no-as-needed /usr/lib/crtend.o /usr/lib/crtn.o
gmake[1]: Leaving directory `/usr/home/da3m0n8t3r/software/box2d/Box2D_v2.2.1/HelloWorld/CMakeFiles/CMakeTmp'


Parsed C implicit link information from above output:
  link line regex: [^( *|.*[/\])(ld|ld|collect2)[^/\]*( |$)]
  ignore line: [Change Dir: /home/da3m0n8t3r/software/box2d/Box2D_v2.2.1/HelloWorld/CMakeFiles/CMakeTmp]
  ignore line: []
  ignore line: [Run Build Command:/usr/local/bin/gmake "cmTryCompileExec3811987320/fast"]
  ignore line: [/usr/local/bin/gmake -f CMakeFiles/cmTryCompileExec3811987320.dir/build.make CMakeFiles/cmTryCompileExec3811987320.dir/build]
  ignore line: [gmake[1]: Entering directory `/usr/home/da3m0n8t3r/software/box2d/Box2D_v2.2.1/HelloWorld/CMakeFiles/CMakeTmp']
  ignore line: [/usr/local/bin/cmake -E cmake_progress_report /home/da3m0n8t3r/software/box2d/Box2D_v2.2.1/HelloWorld/CMakeFiles/CMakeTmp/CMakeFiles 1]
  ignore line: [Building C object CMakeFiles/cmTryCompileExec3811987320.dir/CMakeCCompilerABI.c.o]
  ignore line: [/usr/bin/cc    -o CMakeFiles/cmTryCompileExec3811987320.dir/CMakeCCompilerABI.c.o   -c /usr/local/share/cmake/Modules/CMakeCCompilerABI.c]
  ignore line: [Linking C executable cmTryCompileExec3811987320]
  ignore line: [/usr/local/bin/cmake -E cmake_link_script CMakeFiles/cmTryCompileExec3811987320.dir/link.txt --verbose=1]
  ignore line: [/usr/bin/cc       -v CMakeFiles/cmTryCompileExec3811987320.dir/CMakeCCompilerABI.c.o  -o cmTryCompileExec3811987320   ]
  ignore line: [FreeBSD clang version 3.3 (trunk 178860) 20130405]
  ignore line: [Target: x86_64-unknown-freebsd10.0]
  ignore line: [Thread model: posix]
  link line: [ "/usr/bin/ld" --eh-frame-hdr -dynamic-linker /libexec/ld-elf.so.1 --hash-style=both --enable-new-dtags -o cmTryCompileExec3811987320 /usr/lib/crt1.o /usr/lib/crti.o /usr/lib/crtbegin.o -L/usr/lib CMakeFiles/cmTryCompileExec3811987320.dir/CMakeCCompilerABI.c.o -lgcc --as-needed -lgcc_s --no-as-needed -lc -lgcc --as-needed -lgcc_s --no-as-needed /usr/lib/crtend.o /usr/lib/crtn.o]
    arg [/usr/bin/ld] ==> ignore
    arg [--eh-frame-hdr] ==> ignore
    arg [-dynamic-linker] ==> ignore
    arg [/libexec/ld-elf.so.1] ==> ignore
    arg [--hash-style=both] ==> ignore
    arg [--enable-new-dtags] ==> ignore
    arg [-o] ==> ignore
    arg [cmTryCompileExec3811987320] ==> ignore
    arg [/usr/lib/crt1.o] ==> ignore
    arg [/usr/lib/crti.o] ==> ignore
    arg [/usr/lib/crtbegin.o] ==> ignore
    arg [-L/usr/lib] ==> dir [/usr/lib]
    arg [CMakeFiles/cmTryCompileExec3811987320.dir/CMakeCCompilerABI.c.o] ==> ignore
    arg [-lgcc] ==> lib [gcc]
    arg [--as-needed] ==> ignore
    arg [-lgcc_s] ==> lib [gcc_s]
    arg [--no-as-needed] ==> ignore
    arg [-lc] ==> lib [c]
    arg [-lgcc] ==> lib [gcc]
    arg [--as-needed] ==> ignore
    arg [-lgcc_s] ==> lib [gcc_s]
    arg [--no-as-needed] ==> ignore
    arg [/usr/lib/crtend.o] ==> ignore
    arg [/usr/lib/crtn.o] ==> ignore
  remove lib [gcc]
  remove lib [gcc_s]
  remove lib [gcc]
  remove lib [gcc_s]
  collapse dir [/usr/lib] ==> [/usr/lib]
  implicit libs: [c]
  implicit dirs: [/usr/lib]


Determining if the CXX compiler works passed with the following output:
Change Dir: /home/da3m0n8t3r/software/box2d/Box2D_v2.2.1/HelloWorld/CMakeFiles/CMakeTmp

Run Build Command:/usr/local/bin/gmake "cmTryCompileExec1942162669/fast"
/usr/local/bin/gmake -f CMakeFiles/cmTryCompileExec1942162669.dir/build.make CMakeFiles/cmTryCompileExec1942162669.dir/build
gmake[1]: Entering directory `/usr/home/da3m0n8t3r/software/box2d/Box2D_v2.2.1/HelloWorld/CMakeFiles/CMakeTmp'
/usr/local/bin/cmake -E cmake_progress_report /home/da3m0n8t3r/software/box2d/Box2D_v2.2.1/HelloWorld/CMakeFiles/CMakeTmp/CMakeFiles 1
Building CXX object CMakeFiles/cmTryCompileExec1942162669.dir/testCXXCompiler.cxx.o
/usr/bin/CC     -o CMakeFiles/cmTryCompileExec1942162669.dir/testCXXCompiler.cxx.o -c /home/da3m0n8t3r/software/box2d/Box2D_v2.2.1/HelloWorld/CMakeFiles/CMakeTmp/testCXXCompiler.cxx
Linking CXX executable cmTryCompileExec1942162669
/usr/local/bin/cmake -E cmake_link_script CMakeFiles/cmTryCompileExec1942162669.dir/link.txt --verbose=1
/usr/bin/CC          CMakeFiles/cmTryCompileExec1942162669.dir/testCXXCompiler.cxx.o  -o cmTryCompileExec1942162669  
gmake[1]: Leaving directory `/usr/home/da3m0n8t3r/software/box2d/Box2D_v2.2.1/HelloWorld/CMakeFiles/CMakeTmp'


Detecting CXX compiler ABI info compiled with the following output:
Change Dir: /home/da3m0n8t3r/software/box2d/Box2D_v2.2.1/HelloWorld/CMakeFiles/CMakeTmp

Run Build Command:/usr/local/bin/gmake "cmTryCompileExec590966505/fast"
/usr/local/bin/gmake -f CMakeFiles/cmTryCompileExec590966505.dir/build.make CMakeFiles/cmTryCompileExec590966505.dir/build
gmake[1]: Entering directory `/usr/home/da3m0n8t3r/software/box2d/Box2D_v2.2.1/HelloWorld/CMakeFiles/CMakeTmp'
/usr/local/bin/cmake -E cmake_progress_report /home/da3m0n8t3r/software/box2d/Box2D_v2.2.1/HelloWorld/CMakeFiles/CMakeTmp/CMakeFiles 1
Building CXX object CMakeFiles/cmTryCompileExec590966505.dir/CMakeCXXCompilerABI.cpp.o
/usr/bin/CC     -o CMakeFiles/cmTryCompileExec590966505.dir/CMakeCXXCompilerABI.cpp.o -c /usr/local/share/cmake/Modules/CMakeCXXCompilerABI.cpp
Linking CXX executable cmTryCompileExec590966505
/usr/local/bin/cmake -E cmake_link_script CMakeFiles/cmTryCompileExec590966505.dir/link.txt --verbose=1
/usr/bin/CC        -v CMakeFiles/cmTryCompileExec590966505.dir/CMakeCXXCompilerABI.cpp.o  -o cmTryCompileExec590966505   
FreeBSD clang version 3.3 (trunk 178860) 20130405
Target: x86_64-unknown-freebsd10.0
Thread model: posix
 "/usr/bin/ld" --eh-frame-hdr -dynamic-linker /libexec/ld-elf.so.1 --hash-style=both --enable-new-dtags -o cmTryCompileExec590966505 /usr/lib/crt1.o /usr/lib/crti.o /usr/lib/crtbegin.o -L/usr/lib CMakeFiles/cmTryCompileExec590966505.dir/CMakeCXXCompilerABI.cpp.o -lgcc --as-needed -lgcc_s --no-as-needed -lc -lgcc --as-needed -lgcc_s --no-as-needed /usr/lib/crtend.o /usr/lib/crtn.o
gmake[1]: Leaving directory `/usr/home/da3m0n8t3r/software/box2d/Box2D_v2.2.1/HelloWorld/CMakeFiles/CMakeTmp'


Parsed CXX implicit link information from above output:
  link line regex: [^( *|.*[/\])(ld|ld|collect2)[^/\]*( |$)]
  ignore line: [Change Dir: /home/da3m0n8t3r/software/box2d/Box2D_v2.2.1/HelloWorld/CMakeFiles/CMakeTmp]
  ignore line: []
  ignore line: [Run Build Command:/usr/local/bin/gmake "cmTryCompileExec590966505/fast"]
  ignore line: [/usr/local/bin/gmake -f CMakeFiles/cmTryCompileExec590966505.dir/build.make CMakeFiles/cmTryCompileExec590966505.dir/build]
  ignore line: [gmake[1]: Entering directory `/usr/home/da3m0n8t3r/software/box2d/Box2D_v2.2.1/HelloWorld/CMakeFiles/CMakeTmp']
  ignore line: [/usr/local/bin/cmake -E cmake_progress_report /home/da3m0n8t3r/software/box2d/Box2D_v2.2.1/HelloWorld/CMakeFiles/CMakeTmp/CMakeFiles 1]
  ignore line: [Building CXX object CMakeFiles/cmTryCompileExec590966505.dir/CMakeCXXCompilerABI.cpp.o]
  ignore line: [/usr/bin/CC     -o CMakeFiles/cmTryCompileExec590966505.dir/CMakeCXXCompilerABI.cpp.o -c /usr/local/share/cmake/Modules/CMakeCXXCompilerABI.cpp]
  ignore line: [Linking CXX executable cmTryCompileExec590966505]
  ignore line: [/usr/local/bin/cmake -E cmake_link_script CMakeFiles/cmTryCompileExec590966505.dir/link.txt --verbose=1]
  ignore line: [/usr/bin/CC        -v CMakeFiles/cmTryCompileExec590966505.dir/CMakeCXXCompilerABI.cpp.o  -o cmTryCompileExec590966505   ]
  ignore line: [FreeBSD clang version 3.3 (trunk 178860) 20130405]
  ignore line: [Target: x86_64-unknown-freebsd10.0]
  ignore line: [Thread model: posix]
  link line: [ "/usr/bin/ld" --eh-frame-hdr -dynamic-linker /libexec/ld-elf.so.1 --hash-style=both --enable-new-dtags -o cmTryCompileExec590966505 /usr/lib/crt1.o /usr/lib/crti.o /usr/lib/crtbegin.o -L/usr/lib CMakeFiles/cmTryCompileExec590966505.dir/CMakeCXXCompilerABI.cpp.o -lgcc --as-needed -lgcc_s --no-as-needed -lc -lgcc --as-needed -lgcc_s --no-as-needed /usr/lib/crtend.o /usr/lib/crtn.o]
    arg [/usr/bin/ld] ==> ignore
    arg [--eh-frame-hdr] ==> ignore
    arg [-dynamic-linker] ==> ignore
    arg [/libexec/ld-elf.so.1] ==> ignore
    arg [--hash-style=both] ==> ignore
    arg [--enable-new-dtags] ==> ignore
    arg [-o] ==> ignore
    arg [cmTryCompileExec590966505] ==> ignore
    arg [/usr/lib/crt1.o] ==> ignore
    arg [/usr/lib/crti.o] ==> ignore
    arg [/usr/lib/crtbegin.o] ==> ignore
    arg [-L/usr/lib] ==> dir [/usr/lib]
    arg [CMakeFiles/cmTryCompileExec590966505.dir/CMakeCXXCompilerABI.cpp.o] ==> ignore
    arg [-lgcc] ==> lib [gcc]
    arg [--as-needed] ==> ignore
    arg [-lgcc_s] ==> lib [gcc_s]
    arg [--no-as-needed] ==> ignore
    arg [-lc] ==> lib [c]
    arg [-lgcc] ==> lib [gcc]
    arg [--as-needed] ==> ignore
    arg [-lgcc_s] ==> lib [gcc_s]
    arg [--no-as-needed] ==> ignore
    arg [/usr/lib/crtend.o] ==> ignore
    arg [/usr/lib/crtn.o] ==> ignore
  remove lib [gcc]
  remove lib [gcc_s]
  remove lib [gcc]
  remove lib [gcc_s]
  collapse dir [/usr/lib] ==> [/usr/lib]
  implicit libs: [c]
  implicit dirs: [/usr/lib]


